#
# A fatal error has been detected by the Java Runtime Environment:
#
#  EXCEPTION_ACCESS_VIOLATION (0xc0000005) at pc=0x00000198399dcc75, pid=11304, tid=14556
#
# JRE version: OpenJDK Runtime Environment (13.0+33) (build 13+33)
# Java VM: OpenJDK 64-Bit Server VM (13+33, mixed mode, sharing, tiered, compressed oops, g1 gc, windows-amd64)
# Problematic frame:
# j  jdk.internal.reflect.UnsafeLongFieldAccessorImpl.getLong(Ljava/lang/Object;)J+2 java.base@13
#
# No core dump will be written. Minidumps are not enabled by default on client versions of Windows
#
# If you would like to submit a bug report, please visit:
#   http://bugreport.java.com/bugreport/crash.jsp
#

---------------  S U M M A R Y ------------

Command Line: Lavalink.jar

Host: Intel(R) Core(TM) i7-8700K CPU @ 3.70GHz, 12 cores, 15G,  Windows 10 , 64 bit Build 19041 (10.0.19041.928)
Time: Fri Apr 16 00:04:14 2021 Mountain Daylight Time elapsed time: 11 seconds (0d 0h 0m 11s)

---------------  T H R E A D  ---------------

Current thread (0x000001985a1d5000):  JavaThread "pool-2-thread-1" [_thread_in_Java, id=14556, stack(0x0000001ede700000,0x0000001ede800000)]

Stack: [0x0000001ede700000,0x0000001ede800000],  sp=0x0000001ede7fcb58,  free space=1010k
Native frames: (J=compiled Java code, j=interpreted, Vv=VM code, C=native code)
C  0x00000198399dcc75


siginfo: EXCEPTION_ACCESS_VIOLATION (0xc0000005), reading address 0xffffffffffffffff


Register to memory mapping:

RIP=0x00000198399dcc75 is at code_begin+373 in an Interpreter codelet
getstatic  178 getstatic  [0x00000198399dcb00, 0x00000198399dcd40]  576 bytes
RAX=0x0000000000000008 is an unknown value
RBX=0x0040000000000070 is an unknown value
RCX=0x000001985f4786b0 is pointing into metadata
RDX=0x0000000000000024 is an unknown value
RSP=0x0000001ede7fcb58 is pointing into the stack for thread: 0x000001985a1d5000
RBP=0x0000001ede7fcba0 is pointing into the stack for thread: 0x000001985a1d5000
RSI=0x00000000000001f0 is an unknown value
RDI=0x0000000000001a50 is an unknown value
R8 =0x0000001ede7fca50 is pointing into the stack for thread: 0x000001985a1d5000
R9 =0x0000000701a58408 is an oop: java.lang.Class 
{0x0000000701a58408} - klass: 'java/lang/Class'
R10=0x00007ffb393c3250 jvm.dll
R11=0x000001983a950de0 is at entry_point+64 in (nmethod*)0x000001983a950b90
R12=0x0 is NULL
R13=0x000001985f477ca5 is pointing into metadata
R14=0x0000001ede7fcbb8 is pointing into the stack for thread: 0x000001985a1d5000
R15=0x000001985a1d5000 is a thread


Registers:
RAX=0x0000000000000008, RBX=0x0040000000000070, RCX=0x000001985f4786b0, RDX=0x0000000000000024
RSP=0x0000001ede7fcb58, RBP=0x0000001ede7fcba0, RSI=0x00000000000001f0, RDI=0x0000000000001a50
R8 =0x0000001ede7fca50, R9 =0x0000000701a58408, R10=0x00007ffb393c3250, R11=0x000001983a950de0
R12=0x0000000000000000, R13=0x000001985f477ca5, R14=0x0000001ede7fcbb8, R15=0x000001985a1d5000
RIP=0x00000198399dcc75, EFLAGS=0x0000000000010246

Top of Stack: (sp=0x0000001ede7fcb58)
0x0000001ede7fcb58:   0000001ede7fcb58 000001985f477ca2
0x0000001ede7fcb68:   0000001ede7fcbb8 000001985f4786b0
0x0000001ede7fcb78:   0000000000000000 0000000707b23750
0x0000001ede7fcb88:   000001985f477cd8 0000000000000000
0x0000001ede7fcb98:   0000001ede7fcbb0 0000001ede7fcc08
0x0000001ede7fcba8:   00000198399c9d50 0000000707b4b138
0x0000001ede7fcbb8:   0000000707b237d0 0000001ede7fcbc0
0x0000001ede7fcbc8:   000001985f47784a 0000001ede7fcc20
0x0000001ede7fcbd8:   000001985f4786b0 0000000000000000
0x0000001ede7fcbe8:   0000000707b23750 000001985f477878
0x0000001ede7fcbf8:   0000001ede7fcbb0 0000001ede7fcc30
0x0000001ede7fcc08:   0000001ede7fcd78 000001983a998dec
0x0000001ede7fcc18:   0000000707b4b138 0000000707b237d0
0x0000001ede7fcc28:   000001983a998dec 0000001ede7fcca0
0x0000001ede7fcc38:   00000198399ca273 0000000000000008
0x0000001ede7fcc48:   0000000707b4b3c0 0000000707b4b3c0 

Instructions: (pc=0x00000198399dcc75)
0x00000198399dcb75:   d3 48 8d 44 24 08 4c 89 6d c0 49 8b cf c5 f8 77
0x00000198399dcb85:   49 89 af 00 03 00 00 49 89 87 f0 02 00 00 48 83
0x00000198399dcb95:   ec 20 f7 c4 0f 00 00 00 0f 84 1a 00 00 00 48 83
0x00000198399dcba5:   ec 08 49 ba 20 b4 c8 38 fb 7f 00 00 41 ff d2 48
0x00000198399dcbb5:   83 c4 08 e9 0d 00 00 00 49 ba 20 b4 c8 38 fb 7f
0x00000198399dcbc5:   00 00 41 ff d2 48 83 c4 20 49 ba 00 00 00 00 00
0x00000198399dcbd5:   00 00 00 4d 89 97 f0 02 00 00 49 ba 00 00 00 00
0x00000198399dcbe5:   00 00 00 00 4d 89 97 00 03 00 00 49 ba 00 00 00
0x00000198399dcbf5:   00 00 00 00 00 4d 89 97 f8 02 00 00 c5 f8 77 49
0x00000198399dcc05:   81 7f 08 00 00 00 00 0f 84 05 00 00 00 e9 69 42
0x00000198399dcc15:   fe ff 4c 8b 6d c0 4c 8b 75 c8 c3 41 0f b7 55 01
0x00000198399dcc25:   48 8b 4d d0 c1 e2 02 48 8b 5c d1 30 8b 44 d1 38
0x00000198399dcc35:   4c 8b 4c d1 28 4d 8b 49 70 4d 8b 09 c1 e8 1c 83
0x00000198399dcc45:   e0 0f 0f 85 0b 00 00 00 41 0f be 04 19 50 e9 bb
0x00000198399dcc55:   00 00 00 83 f8 01 0f 85 0b 00 00 00 41 0f b6 04
0x00000198399dcc65:   19 50 e9 a7 00 00 00 83 f8 08 0f 85 0e 00 00 00
0x00000198399dcc75:   41 8b 04 19 48 c1 e0 03 50 e9 90 00 00 00 83 f8
0x00000198399dcc85:   04 0f 85 0a 00 00 00 41 8b 04 19 50 e9 7d 00 00
0x00000198399dcc95:   00 83 f8 02 0f 85 0b 00 00 00 41 0f b7 04 19 50
0x00000198399dcca5:   e9 69 00 00 00 83 f8 03 0f 85 0b 00 00 00 41 0f
0x00000198399dccb5:   bf 04 19 50 e9 55 00 00 00 83 f8 05 0f 85 20 00
0x00000198399dccc5:   00 00 49 8b 04 19 48 83 ec 10 48 89 04 24 49 ba
0x00000198399dccd5:   00 00 00 00 00 00 00 00 4c 89 54 24 08 e9 2c 00
0x00000198399dcce5:   00 00 83 f8 06 0f 85 14 00 00 00 c4 c1 7a 10 04
0x00000198399dccf5:   19 48 83 ec 08 c5 fa 11 04 24 e9 0f 00 00 00 c4
0x00000198399dcd05:   c1 7b 10 04 19 48 83 ec 10 c5 fb 11 04 24 41 0f
0x00000198399dcd15:   b6 5d 03 49 83 c5 03 49 ba 50 32 3c 39 fb 7f 00
0x00000198399dcd25:   00 41 ff 24 da 66 0f 1f 44 00 00 00 00 00 00 00
0x00000198399dcd35:   00 00 00 00 00 00 00 00 00 00 00 e0 05 00 00 00
0x00000198399dcd45:   00 00 00 c0 49 15 39 fb 7f 00 00 b3 00 00 00 00
0x00000198399dcd55:   00 00 00 00 00 00 00 00 00 00 00 50 e9 39 00 00
0x00000198399dcd65:   00 48 83 ec 08 c5 fa 11 04 24 e9 2b 00 00 00 48 


Stack slot to memory mapping:
stack at sp + 0 slots: 0x0000001ede7fcb58 is pointing into the stack for thread: 0x000001985a1d5000
stack at sp + 1 slots: 0x000001985f477ca2 is pointing into metadata
stack at sp + 2 slots: 0x0000001ede7fcbb8 is pointing into the stack for thread: 0x000001985a1d5000
stack at sp + 3 slots: 0x000001985f4786b0 is pointing into metadata
stack at sp + 4 slots: 0x0 is NULL
stack at sp + 5 slots: 0x0000000707b23750 is an oop: java.lang.Class 
{0x0000000707b23750} - klass: 'java/lang/Class'
stack at sp + 6 slots: {method} {0x000001985f477ce0} 'getLong' '(Ljava/lang/Object;)J' in 'jdk/internal/reflect/UnsafeLongFieldAccessorImpl'
stack at sp + 7 slots: 0x0 is NULL

getstatic  178 getstatic  [0x00000198399dcb00, 0x00000198399dcd40]  576 bytes
[MachCode]
  0x00000198399dcb00: 50e9 3900 | 0000 4883 | ec08 c5fa | 1104 24e9 | 2b00 0000 | 4883 ec10 | c5fb 1104 | 24e9 1d00 
  0x00000198399dcb20: 0000 4883 | ec10 4889 | 0424 49ba | 0000 0000 | 0000 0000 | 4c89 5424 | 08e9 0100 | 0000 5041 
  0x00000198399dcb40: 0fb7 5501 | 488b 4dd0 | c1e2 028b | 5cd1 20c1 | eb10 81e3 | ff00 0000 | 81fb b200 | 0000 0f84 
  0x00000198399dcb60: c800 0000 | bbb2 0000 | 00e8 0500 | 0000 e9ad | 0000 0048 | 8bd3 488d | 4424 084c | 896d c049 
  0x00000198399dcb80: 8bcf c5f8 | 7749 89af | 0003 0000 | 4989 87f0 | 0200 0048 | 83ec 20f7 | c40f 0000 | 000f 841a 
  0x00000198399dcba0: 0000 0048 | 83ec 0849 | ba20 b4c8 | 38fb 7f00 | 0041 ffd2 | 4883 c408 | e90d 0000 | 0049 ba20 
  0x00000198399dcbc0: b4c8 38fb | 7f00 0041 | ffd2 4883 | c420 49ba | 0000 0000 | 0000 0000 | 4d89 97f0 | 0200 0049 
  0x00000198399dcbe0: ba00 0000 | 0000 0000 | 004d 8997 | 0003 0000 | 49ba 0000 | 0000 0000 | 0000 4d89 | 97f8 0200 
  0x00000198399dcc00: 00c5 f877 | 4981 7f08 | 0000 0000 | 0f84 0500 | 0000 e969 | 42fe ff4c | 8b6d c04c | 8b75 c8c3 
  0x00000198399dcc20: 410f b755 | 0148 8b4d | d0c1 e202 | 488b 5cd1 | 308b 44d1 | 384c 8b4c | d128 4d8b | 4970 4d8b 
  0x00000198399dcc40: 09c1 e81c | 83e0 0f0f | 850b 0000 | 0041 0fbe | 0419 50e9 | bb00 0000 | 83f8 010f | 850b 0000 
  0x00000198399dcc60: 0041 0fb6 | 0419 50e9 | a700 0000 | 83f8 080f | 850e 0000 | 0041 8b04 | 1948 c1e0 | 0350 e990 
  0x00000198399dcc80: 0000 0083 | f804 0f85 | 0a00 0000 | 418b 0419 | 50e9 7d00 | 0000 83f8 | 020f 850b | 0000 0041 
  0x00000198399dcca0: 0fb7 0419 | 50e9 6900 | 0000 83f8 | 030f 850b | 0000 0041 | 0fbf 0419 | 50e9 5500 | 0000 83f8 
  0x00000198399dccc0: 050f 8520 | 0000 0049 | 8b04 1948 | 83ec 1048 | 8904 2449 | ba00 0000 | 0000 0000 | 004c 8954 
  0x00000198399dcce0: 2408 e92c | 0000 0083 | f806 0f85 | 1400 0000 | c4c1 7a10 | 0419 4883 | ec08 c5fa | 1104 24e9 
  0x00000198399dcd00: 0f00 0000 | c4c1 7b10 | 0419 4883 | ec10 c5fb | 1104 2441 | 0fb6 5d03 | 4983 c503 | 49ba 5032 
  0x00000198399dcd20: 3c39 fb7f | 0000 41ff | 24da 660f | 1f44 0000 | 0000 0000 | 0000 0000 | 0000 0000 | 0000 0000 
[/MachCode]

---------------  P R O C E S S  ---------------

Threads class SMR info:
_java_thread_list=0x000001985d8ac550, length=28, elements={
0x0000019855ca9000, 0x0000019855cac000, 0x0000019855cc6800, 0x0000019855cc8800,
0x0000019855ccc000, 0x0000019855ccd800, 0x0000019856552000, 0x00000198566ce000,
0x00000198566d1800, 0x0000019857640000, 0x000001985812f800, 0x000001985cf01000,
0x0000019858a76800, 0x00000198585e7000, 0x000001985be89800, 0x0000019858b8b800,
0x0000019859bfe000, 0x0000019858fe6800, 0x000001985a678800, 0x000001985a679800,
0x000001985a67c000, 0x000001985a67d800, 0x000001985a67a800, 0x000001985a67b000,
0x000001985a67d000, 0x000001985a678000, 0x000001985a67e800, 0x000001985a1d5000
}

Java Threads: ( => current thread )
  0x0000019855ca9000 JavaThread "Reference Handler" daemon [_thread_blocked, id=11252, stack(0x0000001edbf00000,0x0000001edc000000)]
  0x0000019855cac000 JavaThread "Finalizer" daemon [_thread_blocked, id=10520, stack(0x0000001edc000000,0x0000001edc100000)]
  0x0000019855cc6800 JavaThread "Signal Dispatcher" daemon [_thread_blocked, id=11396, stack(0x0000001edc100000,0x0000001edc200000)]
  0x0000019855cc8800 JavaThread "Attach Listener" daemon [_thread_blocked, id=11400, stack(0x0000001edc200000,0x0000001edc300000)]
  0x0000019855ccc000 JavaThread "C2 CompilerThread0" daemon [_thread_blocked, id=11388, stack(0x0000001edc300000,0x0000001edc400000)]
  0x0000019855ccd800 JavaThread "C1 CompilerThread0" daemon [_thread_blocked, id=11408, stack(0x0000001edc400000,0x0000001edc500000)]
  0x0000019856552000 JavaThread "Sweeper thread" daemon [_thread_blocked, id=11444, stack(0x0000001edc500000,0x0000001edc600000)]
  0x00000198566ce000 JavaThread "Service Thread" daemon [_thread_blocked, id=11460, stack(0x0000001edc600000,0x0000001edc700000)]
  0x00000198566d1800 JavaThread "Common-Cleaner" daemon [_thread_blocked, id=6372, stack(0x0000001edc800000,0x0000001edc900000)]
  0x0000019857640000 JavaThread "logback-1" daemon [_thread_blocked, id=12248, stack(0x0000001edd100000,0x0000001edd200000)]
  0x000001985812f800 JavaThread "logback-2" daemon [_thread_blocked, id=12252, stack(0x0000001edd200000,0x0000001edd300000)]
  0x000001985cf01000 JavaThread "lava-daemon-pool-manager-3-thread-1" daemon [_thread_blocked, id=12404, stack(0x0000001edd400000,0x0000001edd500000)]
  0x0000019858a76800 JavaThread "XNIO-1 I/O-1" [_thread_in_native, id=8212, stack(0x0000001edd500000,0x0000001edd600000)]
  0x00000198585e7000 JavaThread "XNIO-1 I/O-2" [_thread_in_native, id=8260, stack(0x0000001edd600000,0x0000001edd700000)]
  0x000001985be89800 JavaThread "XNIO-1 I/O-3" [_thread_in_native, id=10812, stack(0x0000001edd700000,0x0000001edd800000)]
  0x0000019858b8b800 JavaThread "XNIO-1 I/O-4" [_thread_in_native, id=8800, stack(0x0000001edd800000,0x0000001edd900000)]
  0x0000019859bfe000 JavaThread "XNIO-1 I/O-5" [_thread_in_native, id=5976, stack(0x0000001edd900000,0x0000001edda00000)]
  0x0000019858fe6800 JavaThread "XNIO-1 I/O-6" [_thread_in_native, id=7396, stack(0x0000001edda00000,0x0000001eddb00000)]
  0x000001985a678800 JavaThread "XNIO-1 I/O-7" [_thread_in_native, id=900, stack(0x0000001eddb00000,0x0000001eddc00000)]
  0x000001985a679800 JavaThread "XNIO-1 I/O-8" [_thread_in_native, id=6032, stack(0x0000001eddc00000,0x0000001eddd00000)]
  0x000001985a67c000 JavaThread "XNIO-1 I/O-9" [_thread_in_native, id=6728, stack(0x0000001eddd00000,0x0000001edde00000)]
  0x000001985a67d800 JavaThread "XNIO-1 I/O-10" [_thread_in_native, id=6908, stack(0x0000001edde00000,0x0000001eddf00000)]
  0x000001985a67a800 JavaThread "XNIO-1 I/O-11" [_thread_in_native, id=2712, stack(0x0000001eddf00000,0x0000001ede000000)]
  0x000001985a67b000 JavaThread "XNIO-1 I/O-12" [_thread_in_native, id=7152, stack(0x0000001ede000000,0x0000001ede100000)]
  0x000001985a67d000 JavaThread "XNIO-1 Accept" [_thread_in_native, id=5984, stack(0x0000001ede100000,0x0000001ede200000)]
  0x000001985a678000 JavaThread "DestroyJavaVM" [_thread_blocked, id=4040, stack(0x0000001edb800000,0x0000001edb900000)]
  0x000001985a67e800 JavaThread "XNIO-1 task-1" [_thread_blocked, id=14524, stack(0x0000001ede600000,0x0000001ede700000)]
=>0x000001985a1d5000 JavaThread "pool-2-thread-1" [_thread_in_Java, id=14556, stack(0x0000001ede700000,0x0000001ede800000)]

Other Threads:
  0x0000019855ca7000 VMThread "VM Thread" [stack: 0x0000001edbe00000,0x0000001edbf00000] [id=8316] _threads_hazard_ptr=0x000001985d8ac550
  0x00000198566cf000 WatcherThread [stack: 0x0000001edc700000,0x0000001edc800000] [id=10552]
  0x0000019831520800 GCTaskThread "GC Thread#0" [stack: 0x0000001edb900000,0x0000001edba00000] [id=3632]
  0x0000019856db7000 GCTaskThread "GC Thread#1" [stack: 0x0000001edcb00000,0x0000001edcc00000] [id=8276]
  0x00000198572d2000 GCTaskThread "GC Thread#2" [stack: 0x0000001edcc00000,0x0000001edcd00000] [id=9324]
  0x00000198572fa800 GCTaskThread "GC Thread#3" [stack: 0x0000001edcd00000,0x0000001edce00000] [id=8816]
  0x0000019856a26800 GCTaskThread "GC Thread#4" [stack: 0x0000001edce00000,0x0000001edcf00000] [id=9440]
  0x000001985709e000 GCTaskThread "GC Thread#5" [stack: 0x0000001edcf00000,0x0000001edd000000] [id=4340]
  0x000001985db09800 GCTaskThread "GC Thread#6" [stack: 0x0000001ede200000,0x0000001ede300000] [id=2788]
  0x000001985a2d8800 GCTaskThread "GC Thread#7" [stack: 0x0000001ede300000,0x0000001ede400000] [id=2776]
  0x000001985cf00000 GCTaskThread "GC Thread#8" [stack: 0x0000001ede400000,0x0000001ede500000] [id=9360]
  0x0000019858e8c800 GCTaskThread "GC Thread#9" [stack: 0x0000001ede500000,0x0000001ede600000] [id=1728]
  0x0000019831542000 ConcurrentGCThread "G1 Main Marker" [stack: 0x0000001edba00000,0x0000001edbb00000] [id=8844]
  0x0000019831545000 ConcurrentGCThread "G1 Conc#0" [stack: 0x0000001edbb00000,0x0000001edbc00000] [id=6416]
  0x000001985a13a800 ConcurrentGCThread "G1 Conc#1" [stack: 0x0000001edd000000,0x0000001edd100000] [id=12260]
  0x000001985a50c800 ConcurrentGCThread "G1 Conc#2" [stack: 0x0000001edd300000,0x0000001edd400000] [id=12060]
  0x0000019855ba1000 ConcurrentGCThread "G1 Refine#0" [stack: 0x0000001edbc00000,0x0000001edbd00000] [id=5372]
  0x0000019855ba4800 ConcurrentGCThread "G1 Young RemSet Sampling" [stack: 0x0000001edbd00000,0x0000001edbe00000] [id=9892]

Threads with active compile tasks:

VM state:not at safepoint (normal execution)

VM Mutex/Monitor currently owned by a thread: None

Heap address: 0x0000000701200000, size: 4078 MB, Compressed Oops mode: Zero based, Oop shift amount: 3
Narrow klass base: 0x0000000800000000, Narrow klass shift: 3
Compressed class space size: 1073741824 Address: 0x0000000800b40000

Heap:
 garbage-first heap   total 160768K, used 69302K [0x0000000701200000, 0x0000000800000000)
  region size 1024K, 55 young (56320K), 3 survivors (3072K)
 Metaspace       used 44937K, capacity 45916K, committed 46208K, reserved 1089536K
  class space    used 5577K, capacity 5932K, committed 6016K, reserved 1048576K
Heap Regions: E=young(eden), S=young(survivor), O=old, HS=humongous(starts), HC=humongous(continues), CS=collection set, F=free, A=archive, TAMS=top-at-mark-start (previous, next)
|   0|0x0000000701200000, 0x0000000701300000, 0x0000000701300000|100%| O|  |TAMS 0x0000000701300000, 0x0000000701200000| Untracked 
|   1|0x0000000701300000, 0x0000000701400000, 0x0000000701400000|100%| O|  |TAMS 0x0000000701400000, 0x0000000701300000| Untracked 
|   2|0x0000000701400000, 0x0000000701500000, 0x0000000701500000|100%| O|  |TAMS 0x0000000701500000, 0x0000000701400000| Untracked 
|   3|0x0000000701500000, 0x0000000701600000, 0x0000000701600000|100%| O|  |TAMS 0x0000000701600000, 0x0000000701500000| Untracked 
|   4|0x0000000701600000, 0x0000000701700000, 0x0000000701700000|100%| O|  |TAMS 0x0000000701700000, 0x0000000701600000| Untracked 
|   5|0x0000000701700000, 0x0000000701800000, 0x0000000701800000|100%| O|  |TAMS 0x0000000701800000, 0x0000000701700000| Untracked 
|   6|0x0000000701800000, 0x0000000701900000, 0x0000000701900000|100%| O|  |TAMS 0x0000000701900000, 0x0000000701800000| Untracked 
|   7|0x0000000701900000, 0x0000000701a00000, 0x0000000701a00000|100%| O|  |TAMS 0x0000000701a00000, 0x0000000701900000| Untracked 
|   8|0x0000000701a00000, 0x0000000701a5ba00, 0x0000000701b00000| 35%| O|  |TAMS 0x0000000701a5ba00, 0x0000000701a00000| Untracked 
|   9|0x0000000701b00000, 0x0000000701c00000, 0x0000000701c00000|100%| O|  |TAMS 0x0000000701b00000, 0x0000000701b00000| Untracked 
|  10|0x0000000701c00000, 0x0000000701d00000, 0x0000000701d00000|100%| O|  |TAMS 0x0000000701c00000, 0x0000000701c00000| Untracked 
|  11|0x0000000701d00000, 0x0000000701e00000, 0x0000000701e00000|100%| O|  |TAMS 0x0000000701d00000, 0x0000000701d00000| Untracked 
|  12|0x0000000701e00000, 0x0000000701f00000, 0x0000000701f00000|100%| O|  |TAMS 0x0000000701e00000, 0x0000000701e00000| Untracked 
|  13|0x0000000701f00000, 0x0000000702000000, 0x0000000702000000|100%| O|  |TAMS 0x0000000701f00000, 0x0000000701f00000| Untracked 
|  14|0x0000000702000000, 0x0000000702100000, 0x0000000702100000|100%| O|  |TAMS 0x0000000702000000, 0x0000000702000000| Untracked 
|  15|0x0000000702100000, 0x00000007021e3000, 0x0000000702200000| 88%| O|  |TAMS 0x0000000702100000, 0x0000000702100000| Untracked 
|  16|0x0000000702200000, 0x0000000702200000, 0x0000000702300000|  0%| F|  |TAMS 0x0000000702200000, 0x0000000702200000| Untracked 
|  17|0x0000000702300000, 0x0000000702300000, 0x0000000702400000|  0%| F|  |TAMS 0x0000000702300000, 0x0000000702300000| Untracked 
|  18|0x0000000702400000, 0x0000000702400000, 0x0000000702500000|  0%| F|  |TAMS 0x0000000702400000, 0x0000000702400000| Untracked 
|  19|0x0000000702500000, 0x0000000702500000, 0x0000000702600000|  0%| F|  |TAMS 0x0000000702500000, 0x0000000702500000| Untracked 
|  20|0x0000000702600000, 0x0000000702600000, 0x0000000702700000|  0%| F|  |TAMS 0x0000000702600000, 0x0000000702600000| Untracked 
|  21|0x0000000702700000, 0x0000000702700000, 0x0000000702800000|  0%| F|  |TAMS 0x0000000702700000, 0x0000000702700000| Untracked 
|  22|0x0000000702800000, 0x0000000702800000, 0x0000000702900000|  0%| F|  |TAMS 0x0000000702800000, 0x0000000702800000| Untracked 
|  23|0x0000000702900000, 0x0000000702900000, 0x0000000702a00000|  0%| F|  |TAMS 0x0000000702900000, 0x0000000702900000| Untracked 
|  24|0x0000000702a00000, 0x0000000702a00000, 0x0000000702b00000|  0%| F|  |TAMS 0x0000000702a00000, 0x0000000702a00000| Untracked 
|  25|0x0000000702b00000, 0x0000000702b00000, 0x0000000702c00000|  0%| F|  |TAMS 0x0000000702b00000, 0x0000000702b00000| Untracked 
|  26|0x0000000702c00000, 0x0000000702c00000, 0x0000000702d00000|  0%| F|  |TAMS 0x0000000702c00000, 0x0000000702c00000| Untracked 
|  27|0x0000000702d00000, 0x0000000702d6f1f0, 0x0000000702e00000| 43%| S|CS|TAMS 0x0000000702d00000, 0x0000000702d00000| Complete 
|  28|0x0000000702e00000, 0x0000000702f00000, 0x0000000702f00000|100%| S|CS|TAMS 0x0000000702e00000, 0x0000000702e00000| Complete 
|  29|0x0000000702f00000, 0x0000000703000000, 0x0000000703000000|100%| S|CS|TAMS 0x0000000702f00000, 0x0000000702f00000| Complete 
|  30|0x0000000703000000, 0x0000000703000000, 0x0000000703100000|  0%| F|  |TAMS 0x0000000703000000, 0x0000000703000000| Untracked 
|  31|0x0000000703100000, 0x0000000703100000, 0x0000000703200000|  0%| F|  |TAMS 0x0000000703100000, 0x0000000703100000| Untracked 
|  32|0x0000000703200000, 0x0000000703200000, 0x0000000703300000|  0%| F|  |TAMS 0x0000000703200000, 0x0000000703200000| Untracked 
|  33|0x0000000703300000, 0x0000000703300000, 0x0000000703400000|  0%| F|  |TAMS 0x0000000703300000, 0x0000000703300000| Untracked 
|  34|0x0000000703400000, 0x0000000703400000, 0x0000000703500000|  0%| F|  |TAMS 0x0000000703400000, 0x0000000703400000| Untracked 
|  35|0x0000000703500000, 0x0000000703500000, 0x0000000703600000|  0%| F|  |TAMS 0x0000000703500000, 0x0000000703500000| Untracked 
|  36|0x0000000703600000, 0x0000000703600000, 0x0000000703700000|  0%| F|  |TAMS 0x0000000703600000, 0x0000000703600000| Untracked 
|  37|0x0000000703700000, 0x0000000703700000, 0x0000000703800000|  0%| F|  |TAMS 0x0000000703700000, 0x0000000703700000| Untracked 
|  38|0x0000000703800000, 0x0000000703800000, 0x0000000703900000|  0%| F|  |TAMS 0x0000000703800000, 0x0000000703800000| Untracked 
|  39|0x0000000703900000, 0x0000000703900000, 0x0000000703a00000|  0%| F|  |TAMS 0x0000000703900000, 0x0000000703900000| Untracked 
|  40|0x0000000703a00000, 0x0000000703a00000, 0x0000000703b00000|  0%| F|  |TAMS 0x0000000703a00000, 0x0000000703a00000| Untracked 
|  41|0x0000000703b00000, 0x0000000703b00000, 0x0000000703c00000|  0%| F|  |TAMS 0x0000000703b00000, 0x0000000703b00000| Untracked 
|  42|0x0000000703c00000, 0x0000000703c00000, 0x0000000703d00000|  0%| F|  |TAMS 0x0000000703c00000, 0x0000000703c00000| Untracked 
|  43|0x0000000703d00000, 0x0000000703d00000, 0x0000000703e00000|  0%| F|  |TAMS 0x0000000703d00000, 0x0000000703d00000| Untracked 
|  44|0x0000000703e00000, 0x0000000703e00000, 0x0000000703f00000|  0%| F|  |TAMS 0x0000000703e00000, 0x0000000703e00000| Untracked 
|  45|0x0000000703f00000, 0x0000000703f00000, 0x0000000704000000|  0%| F|  |TAMS 0x0000000703f00000, 0x0000000703f00000| Untracked 
|  46|0x0000000704000000, 0x0000000704000000, 0x0000000704100000|  0%| F|  |TAMS 0x0000000704000000, 0x0000000704000000| Untracked 
|  47|0x0000000704100000, 0x0000000704100000, 0x0000000704200000|  0%| F|  |TAMS 0x0000000704100000, 0x0000000704100000| Untracked 
|  48|0x0000000704200000, 0x0000000704200000, 0x0000000704300000|  0%| F|  |TAMS 0x0000000704200000, 0x0000000704200000| Untracked 
|  49|0x0000000704300000, 0x0000000704300000, 0x0000000704400000|  0%| F|  |TAMS 0x0000000704300000, 0x0000000704300000| Untracked 
|  50|0x0000000704400000, 0x0000000704400000, 0x0000000704500000|  0%| F|  |TAMS 0x0000000704400000, 0x0000000704400000| Untracked 
|  51|0x0000000704500000, 0x0000000704500000, 0x0000000704600000|  0%| F|  |TAMS 0x0000000704500000, 0x0000000704500000| Untracked 
|  52|0x0000000704600000, 0x0000000704600000, 0x0000000704700000|  0%| F|  |TAMS 0x0000000704600000, 0x0000000704600000| Untracked 
|  53|0x0000000704700000, 0x0000000704700000, 0x0000000704800000|  0%| F|  |TAMS 0x0000000704700000, 0x0000000704700000| Untracked 
|  54|0x0000000704800000, 0x0000000704800000, 0x0000000704900000|  0%| F|  |TAMS 0x0000000704800000, 0x0000000704800000| Untracked 
|  55|0x0000000704900000, 0x0000000704900000, 0x0000000704a00000|  0%| F|  |TAMS 0x0000000704900000, 0x0000000704900000| Untracked 
|  56|0x0000000704a00000, 0x0000000704a00000, 0x0000000704b00000|  0%| F|  |TAMS 0x0000000704a00000, 0x0000000704a00000| Untracked 
|  57|0x0000000704b00000, 0x0000000704b00000, 0x0000000704c00000|  0%| F|  |TAMS 0x0000000704b00000, 0x0000000704b00000| Untracked 
|  58|0x0000000704c00000, 0x0000000704c00000, 0x0000000704d00000|  0%| F|  |TAMS 0x0000000704c00000, 0x0000000704c00000| Untracked 
|  59|0x0000000704d00000, 0x0000000704d00000, 0x0000000704e00000|  0%| F|  |TAMS 0x0000000704d00000, 0x0000000704d00000| Untracked 
|  60|0x0000000704e00000, 0x0000000704e00000, 0x0000000704f00000|  0%| F|  |TAMS 0x0000000704e00000, 0x0000000704e00000| Untracked 
|  61|0x0000000704f00000, 0x0000000704f00000, 0x0000000705000000|  0%| F|  |TAMS 0x0000000704f00000, 0x0000000704f00000| Untracked 
|  62|0x0000000705000000, 0x0000000705000000, 0x0000000705100000|  0%| F|  |TAMS 0x0000000705000000, 0x0000000705000000| Untracked 
|  63|0x0000000705100000, 0x0000000705100000, 0x0000000705200000|  0%| F|  |TAMS 0x0000000705100000, 0x0000000705100000| Untracked 
|  64|0x0000000705200000, 0x0000000705200000, 0x0000000705300000|  0%| F|  |TAMS 0x0000000705200000, 0x0000000705200000| Untracked 
|  65|0x0000000705300000, 0x0000000705300000, 0x0000000705400000|  0%| F|  |TAMS 0x0000000705300000, 0x0000000705300000| Untracked 
|  66|0x0000000705400000, 0x0000000705400000, 0x0000000705500000|  0%| F|  |TAMS 0x0000000705400000, 0x0000000705400000| Untracked 
|  67|0x0000000705500000, 0x0000000705500000, 0x0000000705600000|  0%| F|  |TAMS 0x0000000705500000, 0x0000000705500000| Untracked 
|  68|0x0000000705600000, 0x0000000705600000, 0x0000000705700000|  0%| F|  |TAMS 0x0000000705600000, 0x0000000705600000| Untracked 
|  69|0x0000000705700000, 0x0000000705700000, 0x0000000705800000|  0%| F|  |TAMS 0x0000000705700000, 0x0000000705700000| Untracked 
|  70|0x0000000705800000, 0x0000000705800000, 0x0000000705900000|  0%| F|  |TAMS 0x0000000705800000, 0x0000000705800000| Untracked 
|  71|0x0000000705900000, 0x0000000705900000, 0x0000000705a00000|  0%| F|  |TAMS 0x0000000705900000, 0x0000000705900000| Untracked 
|  72|0x0000000705a00000, 0x0000000705a00000, 0x0000000705b00000|  0%| F|  |TAMS 0x0000000705a00000, 0x0000000705a00000| Untracked 
|  73|0x0000000705b00000, 0x0000000705b00000, 0x0000000705c00000|  0%| F|  |TAMS 0x0000000705b00000, 0x0000000705b00000| Untracked 
|  74|0x0000000705c00000, 0x0000000705c00000, 0x0000000705d00000|  0%| F|  |TAMS 0x0000000705c00000, 0x0000000705c00000| Untracked 
|  75|0x0000000705d00000, 0x0000000705d00000, 0x0000000705e00000|  0%| F|  |TAMS 0x0000000705d00000, 0x0000000705d00000| Untracked 
|  76|0x0000000705e00000, 0x0000000705e00000, 0x0000000705f00000|  0%| F|  |TAMS 0x0000000705e00000, 0x0000000705e00000| Untracked 
|  77|0x0000000705f00000, 0x0000000705f00000, 0x0000000706000000|  0%| F|  |TAMS 0x0000000705f00000, 0x0000000705f00000| Untracked 
|  78|0x0000000706000000, 0x0000000706000000, 0x0000000706100000|  0%| F|  |TAMS 0x0000000706000000, 0x0000000706000000| Untracked 
|  79|0x0000000706100000, 0x0000000706100000, 0x0000000706200000|  0%| F|  |TAMS 0x0000000706100000, 0x0000000706100000| Untracked 
|  80|0x0000000706200000, 0x0000000706200000, 0x0000000706300000|  0%| F|  |TAMS 0x0000000706200000, 0x0000000706200000| Untracked 
|  81|0x0000000706300000, 0x0000000706300000, 0x0000000706400000|  0%| F|  |TAMS 0x0000000706300000, 0x0000000706300000| Untracked 
|  82|0x0000000706400000, 0x0000000706400000, 0x0000000706500000|  0%| F|  |TAMS 0x0000000706400000, 0x0000000706400000| Untracked 
|  83|0x0000000706500000, 0x0000000706500000, 0x0000000706600000|  0%| F|  |TAMS 0x0000000706500000, 0x0000000706500000| Untracked 
|  84|0x0000000706600000, 0x0000000706600000, 0x0000000706700000|  0%| F|  |TAMS 0x0000000706600000, 0x0000000706600000| Untracked 
|  85|0x0000000706700000, 0x0000000706700000, 0x0000000706800000|  0%| F|  |TAMS 0x0000000706700000, 0x0000000706700000| Untracked 
|  86|0x0000000706800000, 0x0000000706800000, 0x0000000706900000|  0%| F|  |TAMS 0x0000000706800000, 0x0000000706800000| Untracked 
|  87|0x0000000706900000, 0x0000000706900000, 0x0000000706a00000|  0%| F|  |TAMS 0x0000000706900000, 0x0000000706900000| Untracked 
|  88|0x0000000706a00000, 0x0000000706a00000, 0x0000000706b00000|  0%| F|  |TAMS 0x0000000706a00000, 0x0000000706a00000| Untracked 
|  89|0x0000000706b00000, 0x0000000706b00000, 0x0000000706c00000|  0%| F|  |TAMS 0x0000000706b00000, 0x0000000706b00000| Untracked 
|  90|0x0000000706c00000, 0x0000000706c00000, 0x0000000706d00000|  0%| F|  |TAMS 0x0000000706c00000, 0x0000000706c00000| Untracked 
|  91|0x0000000706d00000, 0x0000000706d00000, 0x0000000706e00000|  0%| F|  |TAMS 0x0000000706d00000, 0x0000000706d00000| Untracked 
|  92|0x0000000706e00000, 0x0000000706e00000, 0x0000000706f00000|  0%| F|  |TAMS 0x0000000706e00000, 0x0000000706e00000| Untracked 
|  93|0x0000000706f00000, 0x0000000706f00000, 0x0000000707000000|  0%| F|  |TAMS 0x0000000706f00000, 0x0000000706f00000| Untracked 
|  94|0x0000000707000000, 0x0000000707000000, 0x0000000707100000|  0%| F|  |TAMS 0x0000000707000000, 0x0000000707000000| Untracked 
|  95|0x0000000707100000, 0x0000000707100000, 0x0000000707200000|  0%| F|  |TAMS 0x0000000707100000, 0x0000000707100000| Untracked 
|  96|0x0000000707200000, 0x0000000707200000, 0x0000000707300000|  0%| F|  |TAMS 0x0000000707200000, 0x0000000707200000| Untracked 
|  97|0x0000000707300000, 0x0000000707300000, 0x0000000707400000|  0%| F|  |TAMS 0x0000000707300000, 0x0000000707300000| Untracked 
|  98|0x0000000707400000, 0x0000000707400000, 0x0000000707500000|  0%| F|  |TAMS 0x0000000707400000, 0x0000000707400000| Untracked 
|  99|0x0000000707500000, 0x0000000707500000, 0x0000000707600000|  0%| F|  |TAMS 0x0000000707500000, 0x0000000707500000| Untracked 
| 100|0x0000000707600000, 0x0000000707600000, 0x0000000707700000|  0%| F|  |TAMS 0x0000000707600000, 0x0000000707600000| Untracked 
| 101|0x0000000707700000, 0x0000000707700000, 0x0000000707800000|  0%| F|  |TAMS 0x0000000707700000, 0x0000000707700000| Untracked 
| 102|0x0000000707800000, 0x0000000707800000, 0x0000000707900000|  0%| F|  |TAMS 0x0000000707800000, 0x0000000707800000| Untracked 
| 103|0x0000000707900000, 0x0000000707900000, 0x0000000707a00000|  0%| F|  |TAMS 0x0000000707900000, 0x0000000707900000| Untracked 
| 104|0x0000000707a00000, 0x0000000707a00000, 0x0000000707b00000|  0%| F|  |TAMS 0x0000000707a00000, 0x0000000707a00000| Untracked 
| 105|0x0000000707b00000, 0x0000000707b51370, 0x0000000707c00000| 31%| E|  |TAMS 0x0000000707b00000, 0x0000000707b00000| Complete 
| 106|0x0000000707c00000, 0x0000000707d00000, 0x0000000707d00000|100%| E|CS|TAMS 0x0000000707c00000, 0x0000000707c00000| Complete 
| 107|0x0000000707d00000, 0x0000000707e00000, 0x0000000707e00000|100%| E|CS|TAMS 0x0000000707d00000, 0x0000000707d00000| Complete 
| 108|0x0000000707e00000, 0x0000000707f00000, 0x0000000707f00000|100%| E|CS|TAMS 0x0000000707e00000, 0x0000000707e00000| Complete 
| 109|0x0000000707f00000, 0x0000000708000000, 0x0000000708000000|100%| E|CS|TAMS 0x0000000707f00000, 0x0000000707f00000| Complete 
| 110|0x0000000708000000, 0x0000000708100000, 0x0000000708100000|100%| E|CS|TAMS 0x0000000708000000, 0x0000000708000000| Complete 
| 111|0x0000000708100000, 0x0000000708200000, 0x0000000708200000|100%| E|CS|TAMS 0x0000000708100000, 0x0000000708100000| Complete 
| 112|0x0000000708200000, 0x0000000708300000, 0x0000000708300000|100%| E|CS|TAMS 0x0000000708200000, 0x0000000708200000| Complete 
| 113|0x0000000708300000, 0x0000000708400000, 0x0000000708400000|100%| E|CS|TAMS 0x0000000708300000, 0x0000000708300000| Complete 
| 114|0x0000000708400000, 0x0000000708500000, 0x0000000708500000|100%| E|CS|TAMS 0x0000000708400000, 0x0000000708400000| Complete 
| 115|0x0000000708500000, 0x0000000708600000, 0x0000000708600000|100%| E|CS|TAMS 0x0000000708500000, 0x0000000708500000| Complete 
| 116|0x0000000708600000, 0x0000000708700000, 0x0000000708700000|100%| E|CS|TAMS 0x0000000708600000, 0x0000000708600000| Complete 
| 117|0x0000000708700000, 0x0000000708800000, 0x0000000708800000|100%| E|CS|TAMS 0x0000000708700000, 0x0000000708700000| Complete 
| 118|0x0000000708800000, 0x0000000708900000, 0x0000000708900000|100%| E|CS|TAMS 0x0000000708800000, 0x0000000708800000| Complete 
| 119|0x0000000708900000, 0x0000000708a00000, 0x0000000708a00000|100%| E|  |TAMS 0x0000000708900000, 0x0000000708900000| Complete 
| 120|0x0000000708a00000, 0x0000000708b00000, 0x0000000708b00000|100%| E|CS|TAMS 0x0000000708a00000, 0x0000000708a00000| Complete 
| 121|0x0000000708b00000, 0x0000000708c00000, 0x0000000708c00000|100%| E|CS|TAMS 0x0000000708b00000, 0x0000000708b00000| Complete 
| 122|0x0000000708c00000, 0x0000000708d00000, 0x0000000708d00000|100%| E|CS|TAMS 0x0000000708c00000, 0x0000000708c00000| Complete 
| 123|0x0000000708d00000, 0x0000000708e00000, 0x0000000708e00000|100%| E|CS|TAMS 0x0000000708d00000, 0x0000000708d00000| Complete 
| 124|0x0000000708e00000, 0x0000000708f00000, 0x0000000708f00000|100%| E|CS|TAMS 0x0000000708e00000, 0x0000000708e00000| Complete 
| 125|0x0000000708f00000, 0x0000000709000000, 0x0000000709000000|100%| E|CS|TAMS 0x0000000708f00000, 0x0000000708f00000| Complete 
| 126|0x0000000709000000, 0x0000000709100000, 0x0000000709100000|100%| E|CS|TAMS 0x0000000709000000, 0x0000000709000000| Complete 
| 127|0x0000000709100000, 0x0000000709200000, 0x0000000709200000|100%| E|CS|TAMS 0x0000000709100000, 0x0000000709100000| Complete 
| 128|0x0000000709200000, 0x0000000709300000, 0x0000000709300000|100%| E|CS|TAMS 0x0000000709200000, 0x0000000709200000| Complete 
| 129|0x0000000709300000, 0x0000000709400000, 0x0000000709400000|100%| E|CS|TAMS 0x0000000709300000, 0x0000000709300000| Complete 
| 130|0x0000000709400000, 0x0000000709500000, 0x0000000709500000|100%| E|CS|TAMS 0x0000000709400000, 0x0000000709400000| Complete 
| 131|0x0000000709500000, 0x0000000709600000, 0x0000000709600000|100%| E|CS|TAMS 0x0000000709500000, 0x0000000709500000| Complete 
| 132|0x0000000709600000, 0x0000000709700000, 0x0000000709700000|100%| E|CS|TAMS 0x0000000709600000, 0x0000000709600000| Complete 
| 133|0x0000000709700000, 0x0000000709800000, 0x0000000709800000|100%| E|CS|TAMS 0x0000000709700000, 0x0000000709700000| Complete 
| 134|0x0000000709800000, 0x0000000709900000, 0x0000000709900000|100%| E|CS|TAMS 0x0000000709800000, 0x0000000709800000| Complete 
| 135|0x0000000709900000, 0x0000000709a00000, 0x0000000709a00000|100%| E|CS|TAMS 0x0000000709900000, 0x0000000709900000| Complete 
| 136|0x0000000709a00000, 0x0000000709b00000, 0x0000000709b00000|100%| E|CS|TAMS 0x0000000709a00000, 0x0000000709a00000| Complete 
| 137|0x0000000709b00000, 0x0000000709c00000, 0x0000000709c00000|100%| E|CS|TAMS 0x0000000709b00000, 0x0000000709b00000| Complete 
| 138|0x0000000709c00000, 0x0000000709d00000, 0x0000000709d00000|100%| E|CS|TAMS 0x0000000709c00000, 0x0000000709c00000| Complete 
| 139|0x0000000709d00000, 0x0000000709e00000, 0x0000000709e00000|100%| E|CS|TAMS 0x0000000709d00000, 0x0000000709d00000| Complete 
| 140|0x0000000709e00000, 0x0000000709f00000, 0x0000000709f00000|100%| E|CS|TAMS 0x0000000709e00000, 0x0000000709e00000| Complete 
| 141|0x0000000709f00000, 0x000000070a000000, 0x000000070a000000|100%| E|CS|TAMS 0x0000000709f00000, 0x0000000709f00000| Complete 
| 142|0x000000070a000000, 0x000000070a100000, 0x000000070a100000|100%| E|CS|TAMS 0x000000070a000000, 0x000000070a000000| Complete 
| 143|0x000000070a100000, 0x000000070a200000, 0x000000070a200000|100%| E|CS|TAMS 0x000000070a100000, 0x000000070a100000| Complete 
| 144|0x000000070a200000, 0x000000070a300000, 0x000000070a300000|100%| E|CS|TAMS 0x000000070a200000, 0x000000070a200000| Complete 
| 145|0x000000070a300000, 0x000000070a400000, 0x000000070a400000|100%| E|CS|TAMS 0x000000070a300000, 0x000000070a300000| Complete 
| 146|0x000000070a400000, 0x000000070a500000, 0x000000070a500000|100%| E|CS|TAMS 0x000000070a400000, 0x000000070a400000| Complete 
| 147|0x000000070a500000, 0x000000070a600000, 0x000000070a600000|100%| E|CS|TAMS 0x000000070a500000, 0x000000070a500000| Complete 
| 148|0x000000070a600000, 0x000000070a700000, 0x000000070a700000|100%| E|CS|TAMS 0x000000070a600000, 0x000000070a600000| Complete 
| 149|0x000000070a700000, 0x000000070a800000, 0x000000070a800000|100%| E|CS|TAMS 0x000000070a700000, 0x000000070a700000| Complete 
| 150|0x000000070a800000, 0x000000070a900000, 0x000000070a900000|100%| E|CS|TAMS 0x000000070a800000, 0x000000070a800000| Complete 
| 151|0x000000070a900000, 0x000000070aa00000, 0x000000070aa00000|100%| E|CS|TAMS 0x000000070a900000, 0x000000070a900000| Complete 
| 152|0x000000070aa00000, 0x000000070ab00000, 0x000000070ab00000|100%| E|CS|TAMS 0x000000070aa00000, 0x000000070aa00000| Complete 
| 153|0x000000070ab00000, 0x000000070ac00000, 0x000000070ac00000|100%| E|CS|TAMS 0x000000070ab00000, 0x000000070ab00000| Complete 
| 154|0x000000070ac00000, 0x000000070ad00000, 0x000000070ad00000|100%| E|CS|TAMS 0x000000070ac00000, 0x000000070ac00000| Complete 
| 155|0x000000070ad00000, 0x000000070ae00000, 0x000000070ae00000|100%| E|CS|TAMS 0x000000070ad00000, 0x000000070ad00000| Complete 
| 255|0x0000000711100000, 0x0000000711200000, 0x0000000711200000|100%| E|CS|TAMS 0x0000000711100000, 0x0000000711100000| Complete 

Card table byte_map: [0x0000019849f90000,0x000001984a790000] _byte_map_base: 0x0000019846787000

Marking Bits (Prev, Next): (CMBitMap*) 0x0000019831521818, (CMBitMap*) 0x0000019831521858
 Prev Bits: [0x000001984af90000, 0x000001984ef48000)
 Next Bits: [0x000001984ef50000, 0x0000019852f08000)

Polling page: 0x000001982fad0000

Metaspace:

Usage:
  Non-class:     39.05 MB capacity,    38.44 MB ( 98%) used,   505.23 KB (  1%) free+waste,   118.63 KB ( <1%) overhead. 
      Class:      5.79 MB capacity,     5.45 MB ( 94%) used,   299.77 KB (  5%) free+waste,    55.19 KB ( <1%) overhead. 
       Both:     44.84 MB capacity,    43.88 MB ( 98%) used,   805.01 KB (  2%) free+waste,   173.81 KB ( <1%) overhead. 

Virtual space:
  Non-class space:       40.00 MB reserved,      39.25 MB ( 98%) committed 
      Class space:        1.00 GB reserved,       5.88 MB ( <1%) committed 
             Both:        1.04 GB reserved,      45.13 MB (  4%) committed 

Chunk freelists:
   Non-Class:  16.00 KB
       Class:  0 bytes
        Both:  16.00 KB

MaxMetaspaceSize: 17179869184.00 GB
CompressedClassSpaceSize: 1.00 GB

CodeHeap 'non-profiled nmethods': size=120000Kb used=2817Kb max_used=3180Kb free=117182Kb
 bounds [0x0000019841490000, 0x00000198417b0000, 0x00000198489c0000]
CodeHeap 'profiled nmethods': size=120000Kb used=9172Kb max_used=10679Kb free=110827Kb
 bounds [0x0000019839f60000, 0x000001983a9d0000, 0x0000019841490000]
CodeHeap 'non-nmethods': size=5760Kb used=1330Kb max_used=1362Kb free=4429Kb
 bounds [0x00000198399c0000, 0x0000019839c30000, 0x0000019839f60000]
 total_blobs=6840 nmethods=4030 adapters=530
 compilation: enabled
              stopped_count=0, restarted_count=0
 full_count=0

Compilation events (20 events):
Event: 11.830 Thread 0x0000019855ccd800 nmethod 4658 0x000001983a0e8790 code [0x000001983a0e89c0, 0x000001983a0e8f10]
Event: 11.832 Thread 0x0000019855ccd800 4659       3       java.util.stream.ReferencePipeline::collect (124 bytes)
Event: 11.833 Thread 0x0000019855ccd800 nmethod 4659 0x000001983a10bd90 code [0x000001983a10c040, 0x000001983a10cdd0]
Event: 11.833 Thread 0x0000019855ccd800 4660       3       java.util.stream.ReduceOps::makeRef (42 bytes)
Event: 11.833 Thread 0x0000019855ccc000 4668       4       java.lang.StringLatin1::inflate (34 bytes)
Event: 11.833 Thread 0x0000019855ccd800 nmethod 4660 0x000001983a11a690 code [0x000001983a11a8a0, 0x000001983a11b130]
Event: 11.833 Thread 0x0000019855ccd800 4661       3       java.util.stream.ReduceOps$3::<init> (28 bytes)
Event: 11.834 Thread 0x0000019855ccd800 nmethod 4661 0x0000019839fcc990 code [0x0000019839fccb60, 0x0000019839fccf98]
Event: 11.834 Thread 0x0000019855ccd800 4662       3       java.util.stream.ReduceOps$3::getOpFlags (28 bytes)
Event: 11.834 Thread 0x0000019855ccd800 nmethod 4662 0x0000019839ff8210 code [0x0000019839ff83e0, 0x0000019839ff8710]
Event: 11.834 Thread 0x0000019855ccd800 4663       3       java.util.stream.ReduceOps$3::makeSink (5 bytes)
Event: 11.834 Thread 0x0000019855ccd800 nmethod 4663 0x000001983a141c90 code [0x000001983a141e60, 0x000001983a142318]
Event: 11.834 Thread 0x0000019855ccd800 4664       3       java.util.stream.ReduceOps$3::makeSink (20 bytes)
Event: 11.834 Thread 0x0000019855ccd800 nmethod 4664 0x0000019839fb0390 code [0x0000019839fb0560, 0x0000019839fb09b8]
Event: 11.834 Thread 0x0000019855ccd800 4665       3       java.util.stream.ReduceOps$3ReducingSink::<init> (20 bytes)
Event: 11.834 Thread 0x0000019855ccd800 nmethod 4665 0x0000019839ffdd10 code [0x0000019839ffdec0, 0x0000019839ffe238]
Event: 11.834 Thread 0x0000019855ccd800 4666       3       java.util.stream.ReduceOps$Box::<init> (5 bytes)
Event: 11.835 Thread 0x0000019855ccd800 nmethod 4666 0x0000019839f7c090 code [0x0000019839f7c240, 0x0000019839f7c418]
Event: 11.835 Thread 0x0000019855ccd800 4667       3       java.util.stream.ReduceOps$3ReducingSink::begin (14 bytes)
Event: 11.835 Thread 0x0000019855ccd800 nmethod 4667 0x0000019839fc0190 code [0x0000019839fc0340, 0x0000019839fc0610]

GC Heap History (20 events):
Event: 0.538 GC heap before
{Heap before GC invocations=0 (full 0):
 garbage-first heap   total 262144K, used 23552K [0x0000000701200000, 0x0000000800000000)
  region size 1024K, 24 young (24576K), 0 survivors (0K)
 Metaspace       used 2704K, capacity 5563K, committed 5760K, reserved 1056768K
  class space    used 263K, capacity 555K, committed 640K, reserved 1048576K
}
Event: 0.542 GC heap after
{Heap after GC invocations=1 (full 0):
 garbage-first heap   total 262144K, used 2739K [0x0000000701200000, 0x0000000800000000)
  region size 1024K, 3 young (3072K), 3 survivors (3072K)
 Metaspace       used 2704K, capacity 5563K, committed 5760K, reserved 1056768K
  class space    used 263K, capacity 555K, committed 640K, reserved 1048576K
}
Event: 1.478 GC heap before
{Heap before GC invocations=1 (full 0):
 garbage-first heap   total 262144K, used 156339K [0x0000000701200000, 0x0000000800000000)
  region size 1024K, 153 young (156672K), 3 survivors (3072K)
 Metaspace       used 14988K, capacity 15406K, committed 15616K, reserved 1062912K
  class space    used 1846K, capacity 2034K, committed 2048K, reserved 1048576K
}
Event: 1.485 GC heap after
{Heap after GC invocations=2 (full 0):
 garbage-first heap   total 262144K, used 6030K [0x0000000701200000, 0x0000000800000000)
  region size 1024K, 6 young (6144K), 6 survivors (6144K)
 Metaspace       used 14988K, capacity 15406K, committed 15616K, reserved 1062912K
  class space    used 1846K, capacity 2034K, committed 2048K, reserved 1048576K
}
Event: 2.278 GC heap before
{Heap before GC invocations=2 (full 0):
 garbage-first heap   total 262144K, used 112526K [0x0000000701200000, 0x0000000800000000)
  region size 1024K, 111 young (113664K), 6 survivors (6144K)
 Metaspace       used 20647K, capacity 21193K, committed 21248K, reserved 1067008K
  class space    used 2592K, capacity 2805K, committed 2816K, reserved 1048576K
}
Event: 2.298 GC heap after
{Heap after GC invocations=3 (full 0):
 garbage-first heap   total 262144K, used 9151K [0x0000000701200000, 0x0000000800000000)
  region size 1024K, 9 young (9216K), 9 survivors (9216K)
 Metaspace       used 20647K, capacity 21193K, committed 21248K, reserved 1067008K
  class space    used 2592K, capacity 2805K, committed 2816K, reserved 1048576K
}
Event: 2.672 GC heap before
{Heap before GC invocations=4 (full 0):
 garbage-first heap   total 34816K, used 34751K [0x0000000701200000, 0x0000000800000000)
  region size 1024K, 34 young (34816K), 9 survivors (9216K)
 Metaspace       used 22323K, capacity 22964K, committed 23040K, reserved 1069056K
  class space    used 2783K, capacity 3007K, committed 3072K, reserved 1048576K
}
Event: 2.684 GC heap after
{Heap after GC invocations=5 (full 0):
 garbage-first heap   total 45056K, used 10240K [0x0000000701200000, 0x0000000800000000)
  region size 1024K, 10 young (10240K), 10 survivors (10240K)
 Metaspace       used 22323K, capacity 22964K, committed 23040K, reserved 1069056K
  class space    used 2783K, capacity 3007K, committed 3072K, reserved 1048576K
}
Event: 3.022 GC heap before
{Heap before GC invocations=5 (full 0):
 garbage-first heap   total 45056K, used 26624K [0x0000000701200000, 0x0000000800000000)
  region size 1024K, 26 young (26624K), 10 survivors (10240K)
 Metaspace       used 23508K, capacity 24195K, committed 24320K, reserved 1071104K
  class space    used 2962K, capacity 3205K, committed 3328K, reserved 1048576K
}
Event: 3.037 GC heap after
{Heap after GC invocations=6 (full 0):
 garbage-first heap   total 153600K, used 11118K [0x0000000701200000, 0x0000000800000000)
  region size 1024K, 3 young (3072K), 3 survivors (3072K)
 Metaspace       used 23508K, capacity 24195K, committed 24320K, reserved 1071104K
  class space    used 2962K, capacity 3205K, committed 3328K, reserved 1048576K
}
Event: 4.076 GC heap before
{Heap before GC invocations=6 (full 0):
 garbage-first heap   total 153600K, used 96110K [0x0000000701200000, 0x0000000800000000)
  region size 1024K, 87 young (89088K), 3 survivors (3072K)
 Metaspace       used 34087K, capacity 34854K, committed 35072K, reserved 1079296K
  class space    used 4236K, capacity 4556K, committed 4608K, reserved 1048576K
}
Event: 4.081 GC heap after
{Heap after GC invocations=7 (full 0):
 garbage-first heap   total 153600K, used 13556K [0x0000000701200000, 0x0000000800000000)
  region size 1024K, 5 young (5120K), 5 survivors (5120K)
 Metaspace       used 34087K, capacity 34854K, committed 35072K, reserved 1079296K
  class space    used 4236K, capacity 4556K, committed 4608K, reserved 1048576K
}
Event: 4.127 GC heap before
{Heap before GC invocations=7 (full 0):
 garbage-first heap   total 153600K, used 20724K [0x0000000701200000, 0x0000000800000000)
  region size 1024K, 13 young (13312K), 5 survivors (5120K)
 Metaspace       used 34999K, capacity 35777K, committed 35840K, reserved 1081344K
  class space    used 4362K, capacity 4694K, committed 4736K, reserved 1048576K
}
Event: 4.137 GC heap after
{Heap after GC invocations=8 (full 0):
 garbage-first heap   total 153600K, used 13527K [0x0000000701200000, 0x0000000800000000)
  region size 1024K, 5 young (5120K), 5 survivors (5120K)
 Metaspace       used 34999K, capacity 35777K, committed 35840K, reserved 1081344K
  class space    used 4362K, capacity 4694K, committed 4736K, reserved 1048576K
}
Event: 4.545 GC heap before
{Heap before GC invocations=9 (full 0):
 garbage-first heap   total 58368K, used 43223K [0x0000000701200000, 0x0000000800000000)
  region size 1024K, 34 young (34816K), 5 survivors (5120K)
 Metaspace       used 37497K, capacity 38272K, committed 38528K, reserved 1083392K
  class space    used 4673K, capacity 4972K, committed 4992K, reserved 1048576K
}
Event: 4.554 GC heap after
{Heap after GC invocations=10 (full 0):
 garbage-first heap   total 58368K, used 15602K [0x0000000701200000, 0x0000000800000000)
  region size 1024K, 3 young (3072K), 3 survivors (3072K)
 Metaspace       used 37497K, capacity 38272K, committed 38528K, reserved 1083392K
  class space    used 4673K, capacity 4972K, committed 4992K, reserved 1048576K
}
Event: 4.763 GC heap before
{Heap before GC invocations=10 (full 0):
 garbage-first heap   total 58368K, used 39154K [0x0000000701200000, 0x0000000800000000)
  region size 1024K, 26 young (26624K), 3 survivors (3072K)
 Metaspace       used 38741K, capacity 39561K, committed 39808K, reserved 1083392K
  class space    used 4831K, capacity 5143K, committed 5248K, reserved 1048576K
}
Event: 4.770 GC heap after
{Heap after GC invocations=11 (full 0):
 garbage-first heap   total 58368K, used 16750K [0x0000000701200000, 0x0000000800000000)
  region size 1024K, 3 young (3072K), 3 survivors (3072K)
 Metaspace       used 38741K, capacity 39561K, committed 39808K, reserved 1083392K
  class space    used 4831K, capacity 5143K, committed 5248K, reserved 1048576K
}
Event: 5.191 GC heap before
{Heap before GC invocations=11 (full 0):
 garbage-first heap   total 58368K, used 41326K [0x0000000701200000, 0x0000000800000000)
  region size 1024K, 27 young (27648K), 3 survivors (3072K)
 Metaspace       used 40910K, capacity 41806K, committed 41856K, reserved 1085440K
  class space    used 5083K, capacity 5462K, committed 5504K, reserved 1048576K
}
Event: 5.196 GC heap after
{Heap after GC invocations=12 (full 0):
 garbage-first heap   total 160768K, used 18102K [0x0000000701200000, 0x0000000800000000)
  region size 1024K, 3 young (3072K), 3 survivors (3072K)
 Metaspace       used 40910K, capacity 41806K, committed 41856K, reserved 1085440K
  class space    used 5083K, capacity 5462K, committed 5504K, reserved 1048576K
}

Deoptimization events (20 events):
Event: 9.936 Thread 0x000001985a67e800 Uncommon trap: trap_request=0xffffff45 fr.pc=0x000001984158b51c relative=0x000000000000053c
Event: 9.936 Thread 0x000001985a67e800 Uncommon trap: reason=unstable_if action=reinterpret pc=0x000001984158b51c method=java.lang.StringCoding.decode(Ljava/nio/charset/Charset;[BII)Ljava/lang/StringCoding$Result; @ 4 c2
Event: 9.936 Thread 0x000001985a67e800 DEOPT PACKING pc=0x000001984158b51c sp=0x0000001ede6fca70
Event: 9.936 Thread 0x000001985a67e800 DEOPT UNPACKING pc=0x0000019839a0912f sp=0x0000001ede6fc9f8 mode 2
Event: 10.103 Thread 0x000001985a1d5000 Uncommon trap: trap_request=0xffffff45 fr.pc=0x00000198415d7a98 relative=0x0000000000001b18
Event: 10.103 Thread 0x000001985a1d5000 Uncommon trap: reason=unstable_if action=reinterpret pc=0x00000198415d7a98 method=org.springframework.boot.loader.jar.JarFileEntries.getInputStream(Lorg/springframework/boot/loader/jar/FileHeader;)Ljava/io/InputStream; @ 25 c2
Event: 10.103 Thread 0x000001985a1d5000 DEOPT PACKING pc=0x00000198415d7a98 sp=0x0000001ede7fde10
Event: 10.103 Thread 0x000001985a1d5000 DEOPT UNPACKING pc=0x0000019839a0912f sp=0x0000001ede7fde40 mode 2
Event: 10.213 Thread 0x000001985a1d5000 Uncommon trap: trap_request=0xffffff45 fr.pc=0x000001984154cfc4 relative=0x0000000000000584
Event: 10.213 Thread 0x000001985a1d5000 Uncommon trap: reason=unstable_if action=reinterpret pc=0x000001984154cfc4 method=java.lang.AbstractStringBuilder.append(Ljava/lang/String;)Ljava/lang/AbstractStringBuilder; @ 1 c2
Event: 10.213 Thread 0x000001985a1d5000 DEOPT PACKING pc=0x000001984154cfc4 sp=0x0000001ede7fdaa0
Event: 10.213 Thread 0x000001985a1d5000 DEOPT UNPACKING pc=0x0000019839a0912f sp=0x0000001ede7fda30 mode 2
Event: 10.819 Thread 0x000001985a1d5000 Uncommon trap: trap_request=0xffffff45 fr.pc=0x00000198414c11cc relative=0x000000000000058c
Event: 10.819 Thread 0x000001985a1d5000 Uncommon trap: reason=unstable_if action=reinterpret pc=0x00000198414c11cc method=java.lang.AbstractStringBuilder.append(Ljava/lang/String;)Ljava/lang/AbstractStringBuilder; @ 1 c2
Event: 10.819 Thread 0x000001985a1d5000 DEOPT PACKING pc=0x00000198414c11cc sp=0x0000001ede7fe140
Event: 10.819 Thread 0x000001985a1d5000 DEOPT UNPACKING pc=0x0000019839a0912f sp=0x0000001ede7fe118 mode 2
Event: 11.386 Thread 0x000001985a1d5000 DEOPT PACKING pc=0x000001983a9c5e9b sp=0x0000001ede7fed00
Event: 11.386 Thread 0x000001985a1d5000 DEOPT UNPACKING pc=0x0000019839a0964e sp=0x0000001ede7fe300 mode 0
Event: 11.408 Thread 0x000001985a1d5000 DEOPT PACKING pc=0x000001983a9ca8a3 sp=0x0000001ede7fed00
Event: 11.408 Thread 0x000001985a1d5000 DEOPT UNPACKING pc=0x0000019839a0964e sp=0x0000001ede7fe2f0 mode 0

Classes unloaded (1 events):
Event: 4.151 Thread 0x0000019855ca7000 Unloading class 0x0000000800beac40 'org/springframework/core/GenericTypeResolver$$Lambda$53'

Classes redefined (0 events):
No events

Internal exceptions (20 events):
Event: 9.589 Thread 0x000001985a67d800 Exception <a 'sun/nio/fs/WindowsException'{0x000000070a8e56f0}> (0x000000070a8e56f0) 
thrown [t:/workspace/open/src/hotspot/share/prims/jni.cpp, line 598]
Event: 10.213 Thread 0x000001985a1d5000 Implicit null exception at 0x000001984154ca87 to 0x000001984154cfa6
Event: 10.819 Thread 0x000001985a1d5000 Implicit null exception at 0x00000198414c0c84 to 0x00000198414c11b2
Event: 10.847 Thread 0x000001985a1d5000 Exception <a 'java/lang/UnsatisfiedLinkError'{0x0000000708ec9c38}: The specified procedure could not be found.
> (0x0000000708ec9c38) 
thrown [t:/workspace/open/src/hotspot/share/prims/jni.cpp, line 619]
Event: 10.873 Thread 0x000001985a1d5000 Exception <a 'java/lang/UnsatisfiedLinkError'{0x0000000708d81900}: The specified procedure could not be found.
> (0x0000000708d81900) 
thrown [t:/workspace/open/src/hotspot/share/prims/jni.cpp, line 619]
Event: 10.874 Thread 0x000001985a1d5000 Exception <a 'java/lang/UnsatisfiedLinkError'{0x0000000708d829a0}: The specified procedure could not be found.
> (0x0000000708d829a0) 
thrown [t:/workspace/open/src/hotspot/share/prims/jni.cpp, line 619]
Event: 10.976 Thread 0x000001985a1d5000 Exception <a 'java/lang/UnsatisfiedLinkError'{0x00000007088c48d8}: The specified procedure could not be found.
> (0x00000007088c48d8) 
thrown [t:/workspace/open/src/hotspot/share/prims/jni.cpp, line 619]
Event: 11.006 Thread 0x000001985a1d5000 Exception <a 'java/lang/UnsatisfiedLinkError'{0x0000000708752638}: The specified procedure could not be found.
> (0x0000000708752638) 
thrown [t:/workspace/open/src/hotspot/share/prims/jni.cpp, line 619]
Event: 11.028 Thread 0x000001985a1d5000 Exception <a 'java/lang/UnsatisfiedLinkError'{0x000000070867b228}: The specified procedure could not be found.
> (0x000000070867b228) 
thrown [t:/workspace/open/src/hotspot/share/prims/jni.cpp, line 619]
Event: 11.029 Thread 0x000001985a1d5000 Exception <a 'java/lang/UnsatisfiedLinkError'{0x000000070867c340}: The specified procedure could not be found.
> (0x000000070867c340) 
thrown [t:/workspace/open/src/hotspot/share/prims/jni.cpp, line 619]
Event: 11.040 Thread 0x000001985a1d5000 Exception <a 'java/lang/UnsatisfiedLinkError'{0x00000007086c9878}: The specified procedure could not be found.
> (0x00000007086c9878) 
thrown [t:/workspace/open/src/hotspot/share/prims/jni.cpp, line 619]
Event: 11.085 Thread 0x000001985a1d5000 Exception <a 'java/lang/UnsatisfiedLinkError'{0x00000007083ad168}: The specified procedure could not be found.
> (0x00000007083ad168) 
thrown [t:/workspace/open/src/hotspot/share/prims/jni.cpp, line 619]
Event: 11.104 Thread 0x000001985a1d5000 Exception <a 'java/lang/UnsatisfiedLinkError'{0x00000007083ae5f8}: The specified procedure could not be found.
> (0x00000007083ae5f8) 
thrown [t:/workspace/open/src/hotspot/share/prims/jni.cpp, line 619]
Event: 11.104 Thread 0x000001985a1d5000 Exception <a 'java/lang/UnsatisfiedLinkError'{0x00000007083af620}: The specified procedure could not be found.
> (0x00000007083af620) 
thrown [t:/workspace/open/src/hotspot/share/prims/jni.cpp, line 619]
Event: 11.127 Thread 0x000001985a1d5000 Exception <a 'java/lang/UnsatisfiedLinkError'{0x0000000708207648}: The specified procedure could not be found.
> (0x0000000708207648) 
thrown [t:/workspace/open/src/hotspot/share/prims/jni.cpp, line 619]
Event: 11.131 Thread 0x000001985a1d5000 Exception <a 'java/lang/UnsatisfiedLinkError'{0x0000000708217148}: The specified procedure could not be found.
> (0x0000000708217148) 
thrown [t:/workspace/open/src/hotspot/share/prims/jni.cpp, line 619]
Event: 11.146 Thread 0x000001985a1d5000 Exception <a 'java/lang/UnsatisfiedLinkError'{0x00000007082a8da8}: The specified procedure could not be found.
> (0x00000007082a8da8) 
thrown [t:/workspace/open/src/hotspot/share/prims/jni.cpp, line 619]
Event: 11.146 Thread 0x000001985a1d5000 Exception <a 'java/lang/UnsatisfiedLinkError'{0x00000007082a9dc8}: The specified procedure could not be found.
> (0x00000007082a9dc8) 
thrown [t:/workspace/open/src/hotspot/share/prims/jni.cpp, line 619]
Event: 11.150 Thread 0x000001985a1d5000 Exception <a 'java/lang/UnsatisfiedLinkError'{0x00000007082c3e48}: The specified procedure could not be found.
> (0x00000007082c3e48) 
thrown [t:/workspace/open/src/hotspot/share/prims/jni.cpp, line 619]
Event: 11.151 Thread 0x000001985a1d5000 Exception <a 'java/lang/UnsatisfiedLinkError'{0x00000007082c7158}: The specified procedure could not be found.
> (0x00000007082c7158) 
thrown [t:/workspace/open/src/hotspot/share/prims/jni.cpp, line 619]

Events (20 events):
Event: 11.454 Thread 0x0000019856552000 flushing nmethod 0x000001983a77e910
Event: 11.454 Thread 0x0000019856552000 flushing nmethod 0x000001983a782590
Event: 11.454 Thread 0x0000019856552000 flushing nmethod 0x000001983a78be10
Event: 11.454 Thread 0x0000019856552000 flushing nmethod 0x000001983a78c910
Event: 11.454 Thread 0x0000019856552000 flushing nmethod 0x000001983a78e290
Event: 11.454 Thread 0x0000019856552000 flushing nmethod 0x000001983a7e0190
Event: 11.454 Thread 0x0000019856552000 flushing nmethod 0x000001983a7e1b10
Event: 11.454 Thread 0x0000019856552000 flushing nmethod 0x000001983a7f7790
Event: 11.825 loading class com/sun/jna/platform/win32/WinPerf$PERF_DATA_BLOCK
Event: 11.825 loading class com/sun/jna/platform/win32/WinPerf$PERF_DATA_BLOCK done
Event: 11.826 loading class com/sun/jna/platform/win32/WinPerf
Event: 11.826 loading class com/sun/jna/platform/win32/WinPerf done
Event: 11.828 loading class com/sun/jna/platform/win32/WinNT$LARGE_INTEGER$UNION
Event: 11.828 loading class com/sun/jna/platform/win32/WinNT$LARGE_INTEGER$UNION done
Event: 11.830 loading class com/sun/jna/platform/win32/WinNT$LARGE_INTEGER$LowHigh
Event: 11.830 loading class com/sun/jna/platform/win32/WinNT$LARGE_INTEGER$LowHigh done
Event: 11.831 loading class jdk/internal/reflect/UnsafeLongFieldAccessorImpl
Event: 11.832 loading class jdk/internal/reflect/UnsafeLongFieldAccessorImpl done
Event: 11.834 loading class com/sun/jna/platform/win32/WinPerf$PERF_OBJECT_TYPE
Event: 11.834 loading class com/sun/jna/platform/win32/WinPerf$PERF_OBJECT_TYPE done


Dynamic libraries:
0x00007ff6654b0000 - 0x00007ff6654bd000 	C:\Program Files\jdk-13\bin\java.exe
0x00007ffb7e730000 - 0x00007ffb7e925000 	C:\Windows\SYSTEM32\ntdll.dll
0x00007ffb7e440000 - 0x00007ffb7e4fd000 	C:\Windows\System32\KERNEL32.DLL
0x00007ffb7c050000 - 0x00007ffb7c318000 	C:\Windows\System32\KERNELBASE.dll
0x00007ffb7bea0000 - 0x00007ffb7bfa0000 	C:\Windows\System32\ucrtbase.dll
0x00007ffb593d0000 - 0x00007ffb593e8000 	C:\Program Files\jdk-13\bin\jli.dll
0x00007ffb58340000 - 0x00007ffb58355000 	C:\Program Files\jdk-13\bin\VCRUNTIME140.dll
0x00007ffb7dda0000 - 0x00007ffb7df40000 	C:\Windows\System32\USER32.dll
0x00007ffb7be70000 - 0x00007ffb7be92000 	C:\Windows\System32\win32u.dll
0x00007ffb58820000 - 0x00007ffb58aba000 	C:\Windows\WinSxS\amd64_microsoft.windows.common-controls_6595b64144ccf1df_6.0.19041.844_none_ca00b6081b84eb1d\COMCTL32.dll
0x00007ffb7d400000 - 0x00007ffb7d42a000 	C:\Windows\System32\GDI32.dll
0x00007ffb7d550000 - 0x00007ffb7d5ee000 	C:\Windows\System32\msvcrt.dll
0x00007ffb7c680000 - 0x00007ffb7c78b000 	C:\Windows\System32\gdi32full.dll
0x00007ffb7c550000 - 0x00007ffb7c5ed000 	C:\Windows\System32\msvcp_win.dll
0x00007ffb7df60000 - 0x00007ffb7df90000 	C:\Windows\System32\IMM32.DLL
0x00007ffb42bb0000 - 0x00007ffb42c4b000 	C:\Program Files\jdk-13\bin\msvcp140.dll
0x00007ffb38910000 - 0x00007ffb39476000 	C:\Program Files\jdk-13\bin\server\jvm.dll
0x00007ffb7e270000 - 0x00007ffb7e31c000 	C:\Windows\System32\ADVAPI32.dll
0x00007ffb7d430000 - 0x00007ffb7d4cb000 	C:\Windows\System32\sechost.dll
0x00007ffb7e0c0000 - 0x00007ffb7e1eb000 	C:\Windows\System32\RPCRT4.dll
0x00007ffb7e260000 - 0x00007ffb7e268000 	C:\Windows\System32\PSAPI.DLL
0x00007ffb6e6f0000 - 0x00007ffb6e717000 	C:\Windows\SYSTEM32\WINMM.dll
0x00007ffb76550000 - 0x00007ffb7655a000 	C:\Windows\SYSTEM32\VERSION.dll
0x00007ffb772a0000 - 0x00007ffb772a9000 	C:\Windows\SYSTEM32\WSOCK32.dll
0x00007ffb7e1f0000 - 0x00007ffb7e25b000 	C:\Windows\System32\WS2_32.dll
0x00007ffb79dd0000 - 0x00007ffb79de2000 	C:\Windows\SYSTEM32\kernel.appcore.dll
0x00007ffb5db00000 - 0x00007ffb5db10000 	C:\Program Files\jdk-13\bin\verify.dll
0x00007ffb74ff0000 - 0x00007ffb751d4000 	C:\Windows\SYSTEM32\DBGHELP.DLL
0x00007ffb74d40000 - 0x00007ffb74d6c000 	C:\Windows\SYSTEM32\dbgcore.DLL
0x00007ffb7c480000 - 0x00007ffb7c500000 	C:\Windows\System32\bcryptPrimitives.dll
0x00007ffb56600000 - 0x00007ffb56626000 	C:\Program Files\jdk-13\bin\java.dll
0x00007ffb57240000 - 0x00007ffb57257000 	C:\Program Files\jdk-13\bin\zip.dll
0x00007ffb5d400000 - 0x00007ffb5d40a000 	C:\Program Files\jdk-13\bin\jimage.dll
0x00007ffb7c950000 - 0x00007ffb7d092000 	C:\Windows\System32\SHELL32.dll
0x00007ffb79fd0000 - 0x00007ffb7a761000 	C:\Windows\SYSTEM32\windows.storage.dll
0x00007ffb7d0a0000 - 0x00007ffb7d3f5000 	C:\Windows\System32\combase.dll
0x00007ffb7b8e0000 - 0x00007ffb7b90c000 	C:\Windows\SYSTEM32\Wldp.dll
0x00007ffb7e630000 - 0x00007ffb7e6de000 	C:\Windows\System32\SHCORE.dll
0x00007ffb7e500000 - 0x00007ffb7e555000 	C:\Windows\System32\shlwapi.dll
0x00007ffb7bdb0000 - 0x00007ffb7bdcf000 	C:\Windows\SYSTEM32\profapi.dll
0x00007ffb56320000 - 0x00007ffb56339000 	C:\Program Files\jdk-13\bin\net.dll
0x00007ffb76e80000 - 0x00007ffb76f8b000 	C:\Windows\SYSTEM32\WINHTTP.dll
0x00007ffb6aec0000 - 0x00007ffb6b0ae000 	C:\Windows\SYSTEM32\urlmon.dll
0x00007ffb6abf0000 - 0x00007ffb6aea0000 	C:\Windows\SYSTEM32\iertutil.dll
0x00007ffb7b650000 - 0x00007ffb7b6ba000 	C:\Windows\system32\mswsock.dll
0x00007ffb56300000 - 0x00007ffb56313000 	C:\Program Files\jdk-13\bin\nio.dll
0x00007ffb56e40000 - 0x00007ffb56e49000 	C:\Program Files\jdk-13\bin\management.dll
0x00007ffb565e0000 - 0x00007ffb565eb000 	C:\Program Files\jdk-13\bin\management_ext.dll
0x00007ffb6ea90000 - 0x00007ffb6eaa7000 	C:\Windows\system32\napinsp.dll
0x00007ffb6cb30000 - 0x00007ffb6cb4b000 	C:\Windows\system32\pnrpnsp.dll
0x00007ffb56210000 - 0x00007ffb56225000 	C:\Windows\system32\wshbth.dll
0x00007ffb76a00000 - 0x00007ffb76a1d000 	C:\Windows\system32\NLAapi.dll
0x00007ffb7b2f0000 - 0x00007ffb7b32b000 	C:\Windows\SYSTEM32\IPHLPAPI.DLL
0x00007ffb7b330000 - 0x00007ffb7b3fc000 	C:\Windows\SYSTEM32\DNSAPI.dll
0x00007ffb7e6e0000 - 0x00007ffb7e6e8000 	C:\Windows\System32\NSI.dll
0x00007ffb6b280000 - 0x00007ffb6b292000 	C:\Windows\System32\winrnr.dll
0x00007ffb747b0000 - 0x00007ffb747ba000 	C:\Windows\System32\rasadhlp.dll
0x00007ffb73040000 - 0x00007ffb730bf000 	C:\Windows\System32\fwpuclnt.dll
0x00007ffb7c5f0000 - 0x00007ffb7c617000 	C:\Windows\System32\bcrypt.dll
0x00007ffb7b830000 - 0x00007ffb7b848000 	C:\Windows\SYSTEM32\CRYPTSP.dll
0x00007ffb7af80000 - 0x00007ffb7afb4000 	C:\Windows\system32\rsaenh.dll
0x00007ffb7bd70000 - 0x00007ffb7bd9e000 	C:\Windows\SYSTEM32\USERENV.dll
0x00007ffb7b820000 - 0x00007ffb7b82c000 	C:\Windows\SYSTEM32\CRYPTBASE.dll
0x00007ffb76630000 - 0x00007ffb76647000 	C:\Windows\SYSTEM32\dhcpcsvc6.DLL
0x00007ffb76560000 - 0x00007ffb7657d000 	C:\Windows\SYSTEM32\dhcpcsvc.DLL
0x00007ffb762d0000 - 0x00007ffb762de000 	C:\Program Files\jdk-13\bin\sunmscapi.dll
0x00007ffb7c320000 - 0x00007ffb7c47f000 	C:\Windows\System32\CRYPT32.dll
0x00007ffb7b950000 - 0x00007ffb7b977000 	C:\Windows\SYSTEM32\ncrypt.dll
0x00007ffb7b910000 - 0x00007ffb7b94b000 	C:\Windows\SYSTEM32\NTASN1.dll
0x00007ffb762a0000 - 0x00007ffb762c5000 	C:\Program Files\jdk-13\bin\sunec.dll
0x00007ffb4e0c0000 - 0x00007ffb4e102000 	C:\Users\cjols\AppData\Local\Temp\jna-94696559\jna7444829920935520900.dll
0x00007ffb54db0000 - 0x00007ffb54e04000 	C:\Windows\SYSTEM32\pdh.dll
0x00007ffb5ca30000 - 0x00007ffb5ca3f000 	C:\Windows\System32\perfproc.dll
0x00007ffb77530000 - 0x00007ffb7753f000 	C:\Windows\System32\perfos.dll
0x00007ffb7df90000 - 0x00007ffb7e0ba000 	C:\Windows\System32\Ole32.dll
0x00007ffb7d5f0000 - 0x00007ffb7d699000 	C:\Windows\System32\clbcatq.dll
0x00007ffb7e560000 - 0x00007ffb7e62d000 	C:\Windows\System32\OleAut32.dll
0x00007ffb74bc0000 - 0x00007ffb74bd9000 	C:\Windows\SYSTEM32\amsi.dll
0x00007ffb5e620000 - 0x00007ffb5e69b000 	C:\ProgramData\Microsoft\Windows Defender\Platform\4.18.2103.7-0\MpOav.dll

dbghelp: loaded successfully - version: 4.0.5 - missing functions: none
symbol engine: initialized successfully - sym options: 0x614 - pdb path: .;C:\Program Files\jdk-13\bin;C:\Windows\SYSTEM32;C:\Windows\WinSxS\amd64_microsoft.windows.common-controls_6595b64144ccf1df_6.0.19041.844_none_ca00b6081b84eb1d;C:\Program Files\jdk-13\bin\server;C:\Users\cjols\AppData\Local\Temp\jna-94696559;C:\ProgramData\Microsoft\Windows Defender\Platform\4.18.2103.7-0;C:\Windows\system32\wbem

VM Arguments:
java_command: Lavalink.jar
java_class_path (initial): Lavalink.jar
Launcher Type: SUN_STANDARD

[Global flags]
     intx CICompilerCount                          = 4                                         {product} {ergonomic}
     uint ConcGCThreads                            = 3                                         {product} {ergonomic}
     uint G1ConcRefinementThreads                  = 10                                        {product} {ergonomic}
   size_t G1HeapRegionSize                         = 1048576                                   {product} {ergonomic}
    uintx GCDrainStackTargetSize                   = 64                                        {product} {ergonomic}
   size_t InitialHeapSize                          = 268435456                                 {product} {ergonomic}
   size_t MarkStackSize                            = 4194304                                   {product} {ergonomic}
   size_t MaxHeapSize                              = 4276092928                                {product} {ergonomic}
   size_t MaxNewSize                               = 2564816896                                {product} {ergonomic}
   size_t MinHeapDeltaBytes                        = 1048576                                   {product} {ergonomic}
   size_t MinHeapSize                              = 8388608                                   {product} {ergonomic}
    uintx NonNMethodCodeHeapSize                   = 5836300                                {pd product} {ergonomic}
    uintx NonProfiledCodeHeapSize                  = 122910970                              {pd product} {ergonomic}
    uintx ProfiledCodeHeapSize                     = 122910970                              {pd product} {ergonomic}
    uintx ReservedCodeCacheSize                    = 251658240                              {pd product} {ergonomic}
     bool SegmentedCodeCache                       = true                                      {product} {ergonomic}
   size_t SoftMaxHeapSize                          = 4276092928                             {manageable} {ergonomic}
     bool UseCompressedClassPointers               = true                                 {lp64_product} {ergonomic}
     bool UseCompressedOops                        = true                                 {lp64_product} {ergonomic}
     bool UseG1GC                                  = true                                      {product} {ergonomic}
     bool UseLargePagesIndividualAllocation        = false                                  {pd product} {ergonomic}

Logging:
Log output configuration:
 #0: stdout all=warning uptime,level,tags
 #1: stderr all=off uptime,level,tags

Environment Variables:
JAVA_HOME=C:\Program Files\jdk-13
PATH=C:\Windows\system32;C:\Windows;C:\Windows\System32\Wbem;C:\Windows\System32\WindowsPowerShell\v1.0\;C:\Windows\System32\OpenSSH\;C:\Program Files\Mu\bin;C:\Program Files\nodejs\;C:\Program Files\jdk-13\bin;C:\Users\cjols\AppData\Local\Microsoft\WindowsApps;C:\Users\cjols\AppData\Local\Programs\Microsoft VS Code\bin;C:\Users\cjols\AppData\Local\GitHubDesktop\bin;C:\Users\cjols\AppData\Roaming\npm
USERNAME=cjols
OS=Windows_NT
PROCESSOR_IDENTIFIER=Intel64 Family 6 Model 158 Stepping 10, GenuineIntel



---------------  S Y S T E M  ---------------

OS: Windows 10 , 64 bit Build 19041 (10.0.19041.928)

CPU:total 12 (initial active 12) (6 cores per cpu, 2 threads per core) family 6 model 158 stepping 10, cmov, cx8, fxsr, mmx, sse, sse2, sse3, ssse3, sse4.1, sse4.2, popcnt, avx, avx2, aes, clmul, erms, rtm, 3dnowpref, lzcnt, ht, tsc, tscinvbit, bmi1, bmi2, adx, fma

Memory: 4k page, system-wide physical 16308M (10848M free)
TotalPageFile size 27572M (AvailPageFile size 19122M)
current process WorkingSet (physical memory assigned to process): 258M, peak: 297M
current process commit charge ("private bytes"): 371M, peak: 430M

vm_info: OpenJDK 64-Bit Server VM (13+33) for windows-amd64 JRE (13+33), built on Aug  9 2019 11:21:18 by "mach5one" with unknown MS VC++:1916

END.
